2017-06-09 01:37:13.000 INFO  (main) [   ] o.e.j.s.Server jetty-9.3.14.v20161028
2017-06-09 01:37:14.772 INFO  (main) [   ] o.a.s.s.SolrDispatchFilter  ___      _       Welcome to Apache Solr™ version 6.5.1
2017-06-09 01:37:14.774 INFO  (main) [   ] o.a.s.s.SolrDispatchFilter / __| ___| |_ _   Starting in standalone mode on port 8983
2017-06-09 01:37:14.775 INFO  (main) [   ] o.a.s.s.SolrDispatchFilter \__ \/ _ \ | '_|  Install dir: D:\www\project_real\solr-6.5.1
2017-06-09 01:37:14.864 INFO  (main) [   ] o.a.s.s.SolrDispatchFilter |___/\___/_|_|    Start time: 2017-06-09T01:37:14.778Z
2017-06-09 01:37:14.867 INFO  (main) [   ] o.a.s.s.StartupLoggingUtils Property solr.log.muteconsole given. Muting ConsoleAppender named CONSOLE
2017-06-09 01:37:14.952 INFO  (main) [   ] o.a.s.c.SolrResourceLoader Using system property solr.solr.home: D:\www\project_real\solr-6.5.1\server\solr
2017-06-09 01:37:14.967 INFO  (main) [   ] o.a.s.c.SolrXmlConfig Loading container configuration from D:\www\project_real\solr-6.5.1\server\solr\solr.xml
2017-06-09 01:37:15.764 INFO  (main) [   ] o.a.s.u.UpdateShardHandler Creating UpdateShardHandler HTTP client with params: socketTimeout=600000&connTimeout=60000&retry=true
2017-06-09 01:37:17.172 INFO  (main) [   ] o.a.s.c.CorePropertiesLocator Found 2 core definitions underneath D:\www\project_real\solr-6.5.1\server\solr
2017-06-09 01:37:17.177 INFO  (main) [   ] o.a.s.c.CorePropertiesLocator Cores are: [test, Wakuwaku]
2017-06-09 01:37:17.648 INFO  (coreLoadExecutor-6-thread-1) [   x:test] o.a.s.c.SolrResourceLoader [test] Added 51 libs to classloader, from paths: [/D:/www/project_real/solr-6.5.1/contrib/clustering/lib, /D:/www/project_real/solr-6.5.1/contrib/extraction/lib, /D:/www/project_real/solr-6.5.1/contrib/langid/lib, /D:/www/project_real/solr-6.5.1/contrib/velocity/lib, /D:/www/project_real/solr-6.5.1/dist]
2017-06-09 01:37:17.650 INFO  (coreLoadExecutor-6-thread-2) [   x:Wakuwaku] o.a.s.c.SolrResourceLoader [Wakuwaku] Added 51 libs to classloader, from paths: [/D:/www/project_real/solr-6.5.1/contrib/clustering/lib, /D:/www/project_real/solr-6.5.1/contrib/extraction/lib, /D:/www/project_real/solr-6.5.1/contrib/langid/lib, /D:/www/project_real/solr-6.5.1/contrib/velocity/lib, /D:/www/project_real/solr-6.5.1/dist]
2017-06-09 01:37:17.674 INFO  (main) [   ] o.e.j.s.Server Started @7742ms
2017-06-09 01:37:18.466 INFO  (coreLoadExecutor-6-thread-2) [   x:Wakuwaku] o.a.s.c.SolrConfig Using Lucene MatchVersion: 6.5.1
2017-06-09 01:37:18.639 INFO  (coreLoadExecutor-6-thread-1) [   x:test] o.a.s.c.SolrConfig Using Lucene MatchVersion: 5.4.0
2017-06-09 01:37:19.424 INFO  (coreLoadExecutor-6-thread-2) [   x:Wakuwaku] o.a.s.s.IndexSchema [Wakuwaku] Schema name=example-data-driven-schema
2017-06-09 01:37:19.520 INFO  (coreLoadExecutor-6-thread-1) [   x:test] o.a.s.s.IndexSchema [test] Schema name=example-data-driven-schema
2017-06-09 01:37:19.602 WARN  (coreLoadExecutor-6-thread-1) [   x:test] o.a.s.s.FieldTypePluginLoader TokenizerFactory is using deprecated 5.4.0 emulation. You should at some point declare and reindex to at least 6.0, because 5.x emulation is deprecated and will be removed in 7.0
2017-06-09 01:37:19.626 WARN  (coreLoadExecutor-6-thread-1) [   x:test] o.a.s.s.FieldTypePluginLoader TokenizerFactory is using deprecated 5.4.0 emulation. You should at some point declare and reindex to at least 6.0, because 5.x emulation is deprecated and will be removed in 7.0
2017-06-09 01:37:19.769 WARN  (coreLoadExecutor-6-thread-1) [   x:test] o.a.s.s.FieldTypePluginLoader TokenizerFactory is using deprecated 5.4.0 emulation. You should at some point declare and reindex to at least 6.0, because 5.x emulation is deprecated and will be removed in 7.0
2017-06-09 01:37:19.773 WARN  (coreLoadExecutor-6-thread-1) [   x:test] o.a.s.s.FieldTypePluginLoader TokenizerFactory is using deprecated 5.4.0 emulation. You should at some point declare and reindex to at least 6.0, because 5.x emulation is deprecated and will be removed in 7.0
2017-06-09 01:37:20.102 WARN  (coreLoadExecutor-6-thread-1) [   x:test] o.a.s.s.FieldTypePluginLoader TokenizerFactory is using deprecated 5.4.0 emulation. You should at some point declare and reindex to at least 6.0, because 5.x emulation is deprecated and will be removed in 7.0
2017-06-09 01:37:20.107 WARN  (coreLoadExecutor-6-thread-1) [   x:test] o.a.s.s.FieldTypePluginLoader TokenFilterFactory is using deprecated 5.4.0 emulation. You should at some point declare and reindex to at least 6.0, because 5.x emulation is deprecated and will be removed in 7.0
2017-06-09 01:37:20.121 WARN  (coreLoadExecutor-6-thread-1) [   x:test] o.a.s.s.FieldTypePluginLoader TokenizerFactory is using deprecated 5.4.0 emulation. You should at some point declare and reindex to at least 6.0, because 5.x emulation is deprecated and will be removed in 7.0
2017-06-09 01:37:20.123 WARN  (coreLoadExecutor-6-thread-1) [   x:test] o.a.s.s.FieldTypePluginLoader TokenFilterFactory is using deprecated 5.4.0 emulation. You should at some point declare and reindex to at least 6.0, because 5.x emulation is deprecated and will be removed in 7.0
2017-06-09 01:37:20.166 WARN  (coreLoadExecutor-6-thread-1) [   x:test] o.a.s.s.FieldTypePluginLoader TokenizerFactory is using deprecated 5.4.0 emulation. You should at some point declare and reindex to at least 6.0, because 5.x emulation is deprecated and will be removed in 7.0
2017-06-09 01:37:20.167 WARN  (coreLoadExecutor-6-thread-1) [   x:test] o.a.s.s.FieldTypePluginLoader TokenFilterFactory is using deprecated 5.4.0 emulation. You should at some point declare and reindex to at least 6.0, because 5.x emulation is deprecated and will be removed in 7.0
2017-06-09 01:37:20.167 WARN  (coreLoadExecutor-6-thread-1) [   x:test] o.a.s.s.FieldTypePluginLoader TokenFilterFactory is using deprecated 5.4.0 emulation. You should at some point declare and reindex to at least 6.0, because 5.x emulation is deprecated and will be removed in 7.0
2017-06-09 01:37:20.170 WARN  (coreLoadExecutor-6-thread-1) [   x:test] o.a.s.s.FieldTypePluginLoader TokenFilterFactory is using deprecated 5.4.0 emulation. You should at some point declare and reindex to at least 6.0, because 5.x emulation is deprecated and will be removed in 7.0
2017-06-09 01:37:20.171 WARN  (coreLoadExecutor-6-thread-1) [   x:test] o.a.s.s.FieldTypePluginLoader TokenFilterFactory is using deprecated 5.4.0 emulation. You should at some point declare and reindex to at least 6.0, because 5.x emulation is deprecated and will be removed in 7.0
2017-06-09 01:37:20.176 WARN  (coreLoadExecutor-6-thread-1) [   x:test] o.a.s.s.FieldTypePluginLoader TokenizerFactory is using deprecated 5.4.0 emulation. You should at some point declare and reindex to at least 6.0, because 5.x emulation is deprecated and will be removed in 7.0
2017-06-09 01:37:20.177 WARN  (coreLoadExecutor-6-thread-1) [   x:test] o.a.s.s.FieldTypePluginLoader TokenFilterFactory is using deprecated 5.4.0 emulation. You should at some point declare and reindex to at least 6.0, because 5.x emulation is deprecated and will be removed in 7.0
2017-06-09 01:37:20.178 WARN  (coreLoadExecutor-6-thread-1) [   x:test] o.a.s.s.FieldTypePluginLoader TokenFilterFactory is using deprecated 5.4.0 emulation. You should at some point declare and reindex to at least 6.0, because 5.x emulation is deprecated and will be removed in 7.0
2017-06-09 01:37:20.181 WARN  (coreLoadExecutor-6-thread-1) [   x:test] o.a.s.s.FieldTypePluginLoader TokenFilterFactory is using deprecated 5.4.0 emulation. You should at some point declare and reindex to at least 6.0, because 5.x emulation is deprecated and will be removed in 7.0
2017-06-09 01:37:20.188 WARN  (coreLoadExecutor-6-thread-1) [   x:test] o.a.s.s.FieldTypePluginLoader TokenizerFactory is using deprecated 5.4.0 emulation. You should at some point declare and reindex to at least 6.0, because 5.x emulation is deprecated and will be removed in 7.0
2017-06-09 01:37:20.189 WARN  (coreLoadExecutor-6-thread-1) [   x:test] o.a.s.s.FieldTypePluginLoader TokenFilterFactory is using deprecated 5.4.0 emulation. You should at some point declare and reindex to at least 6.0, because 5.x emulation is deprecated and will be removed in 7.0
2017-06-09 01:37:20.191 WARN  (coreLoadExecutor-6-thread-1) [   x:test] o.a.s.s.FieldTypePluginLoader TokenFilterFactory is using deprecated 5.4.0 emulation. You should at some point declare and reindex to at least 6.0, because 5.x emulation is deprecated and will be removed in 7.0
2017-06-09 01:37:20.191 WARN  (coreLoadExecutor-6-thread-1) [   x:test] o.a.s.s.FieldTypePluginLoader TokenFilterFactory is using deprecated 5.4.0 emulation. You should at some point declare and reindex to at least 6.0, because 5.x emulation is deprecated and will be removed in 7.0
2017-06-09 01:37:20.192 WARN  (coreLoadExecutor-6-thread-1) [   x:test] o.a.s.s.FieldTypePluginLoader TokenFilterFactory is using deprecated 5.4.0 emulation. You should at some point declare and reindex to at least 6.0, because 5.x emulation is deprecated and will be removed in 7.0
2017-06-09 01:37:20.199 WARN  (coreLoadExecutor-6-thread-1) [   x:test] o.a.s.s.FieldTypePluginLoader TokenizerFactory is using deprecated 5.4.0 emulation. You should at some point declare and reindex to at least 6.0, because 5.x emulation is deprecated and will be removed in 7.0
2017-06-09 01:37:20.200 WARN  (coreLoadExecutor-6-thread-1) [   x:test] o.a.s.s.FieldTypePluginLoader TokenFilterFactory is using deprecated 5.4.0 emulation. You should at some point declare and reindex to at least 6.0, because 5.x emulation is deprecated and will be removed in 7.0
2017-06-09 01:37:20.202 WARN  (coreLoadExecutor-6-thread-1) [   x:test] o.a.s.s.FieldTypePluginLoader TokenFilterFactory is using deprecated 5.4.0 emulation. You should at some point declare and reindex to at least 6.0, because 5.x emulation is deprecated and will be removed in 7.0
2017-06-09 01:37:20.202 WARN  (coreLoadExecutor-6-thread-1) [   x:test] o.a.s.s.FieldTypePluginLoader TokenFilterFactory is using deprecated 5.4.0 emulation. You should at some point declare and reindex to at least 6.0, because 5.x emulation is deprecated and will be removed in 7.0
2017-06-09 01:37:20.208 WARN  (coreLoadExecutor-6-thread-1) [   x:test] o.a.s.s.FieldTypePluginLoader TokenizerFactory is using deprecated 5.4.0 emulation. You should at some point declare and reindex to at least 6.0, because 5.x emulation is deprecated and will be removed in 7.0
2017-06-09 01:37:20.208 WARN  (coreLoadExecutor-6-thread-1) [   x:test] o.a.s.s.FieldTypePluginLoader TokenFilterFactory is using deprecated 5.4.0 emulation. You should at some point declare and reindex to at least 6.0, because 5.x emulation is deprecated and will be removed in 7.0
2017-06-09 01:37:20.209 WARN  (coreLoadExecutor-6-thread-1) [   x:test] o.a.s.s.FieldTypePluginLoader TokenFilterFactory is using deprecated 5.4.0 emulation. You should at some point declare and reindex to at least 6.0, because 5.x emulation is deprecated and will be removed in 7.0
2017-06-09 01:37:20.209 WARN  (coreLoadExecutor-6-thread-1) [   x:test] o.a.s.s.FieldTypePluginLoader TokenFilterFactory is using deprecated 5.4.0 emulation. You should at some point declare and reindex to at least 6.0, because 5.x emulation is deprecated and will be removed in 7.0
2017-06-09 01:37:20.214 WARN  (coreLoadExecutor-6-thread-1) [   x:test] o.a.s.s.FieldTypePluginLoader TokenizerFactory is using deprecated 5.4.0 emulation. You should at some point declare and reindex to at least 6.0, because 5.x emulation is deprecated and will be removed in 7.0
2017-06-09 01:37:20.215 WARN  (coreLoadExecutor-6-thread-1) [   x:test] o.a.s.s.FieldTypePluginLoader TokenFilterFactory is using deprecated 5.4.0 emulation. You should at some point declare and reindex to at least 6.0, because 5.x emulation is deprecated and will be removed in 7.0
2017-06-09 01:37:20.216 WARN  (coreLoadExecutor-6-thread-1) [   x:test] o.a.s.s.FieldTypePluginLoader TokenFilterFactory is using deprecated 5.4.0 emulation. You should at some point declare and reindex to at least 6.0, because 5.x emulation is deprecated and will be removed in 7.0
2017-06-09 01:37:20.216 WARN  (coreLoadExecutor-6-thread-1) [   x:test] o.a.s.s.FieldTypePluginLoader TokenFilterFactory is using deprecated 5.4.0 emulation. You should at some point declare and reindex to at least 6.0, because 5.x emulation is deprecated and will be removed in 7.0
2017-06-09 01:37:20.222 WARN  (coreLoadExecutor-6-thread-1) [   x:test] o.a.s.s.FieldTypePluginLoader TokenizerFactory is using deprecated 5.4.0 emulation. You should at some point declare and reindex to at least 6.0, because 5.x emulation is deprecated and will be removed in 7.0
2017-06-09 01:37:20.223 WARN  (coreLoadExecutor-6-thread-1) [   x:test] o.a.s.s.FieldTypePluginLoader TokenFilterFactory is using deprecated 5.4.0 emulation. You should at some point declare and reindex to at least 6.0, because 5.x emulation is deprecated and will be removed in 7.0
2017-06-09 01:37:20.224 WARN  (coreLoadExecutor-6-thread-1) [   x:test] o.a.s.s.FieldTypePluginLoader TokenFilterFactory is using deprecated 5.4.0 emulation. You should at some point declare and reindex to at least 6.0, because 5.x emulation is deprecated and will be removed in 7.0
2017-06-09 01:37:20.224 WARN  (coreLoadExecutor-6-thread-1) [   x:test] o.a.s.s.FieldTypePluginLoader TokenFilterFactory is using deprecated 5.4.0 emulation. You should at some point declare and reindex to at least 6.0, because 5.x emulation is deprecated and will be removed in 7.0
2017-06-09 01:37:20.226 WARN  (coreLoadExecutor-6-thread-1) [   x:test] o.a.s.s.FieldTypePluginLoader TokenFilterFactory is using deprecated 5.4.0 emulation. You should at some point declare and reindex to at least 6.0, because 5.x emulation is deprecated and will be removed in 7.0
2017-06-09 01:37:20.231 WARN  (coreLoadExecutor-6-thread-1) [   x:test] o.a.s.s.FieldTypePluginLoader TokenizerFactory is using deprecated 5.4.0 emulation. You should at some point declare and reindex to at least 6.0, because 5.x emulation is deprecated and will be removed in 7.0
2017-06-09 01:37:20.232 WARN  (coreLoadExecutor-6-thread-1) [   x:test] o.a.s.s.FieldTypePluginLoader TokenFilterFactory is using deprecated 5.4.0 emulation. You should at some point declare and reindex to at least 6.0, because 5.x emulation is deprecated and will be removed in 7.0
2017-06-09 01:37:20.262 WARN  (coreLoadExecutor-6-thread-1) [   x:test] o.a.s.s.FieldTypePluginLoader TokenFilterFactory is using deprecated 5.4.0 emulation. You should at some point declare and reindex to at least 6.0, because 5.x emulation is deprecated and will be removed in 7.0
2017-06-09 01:37:20.264 WARN  (coreLoadExecutor-6-thread-1) [   x:test] o.a.s.s.FieldTypePluginLoader TokenFilterFactory is using deprecated 5.4.0 emulation. You should at some point declare and reindex to at least 6.0, because 5.x emulation is deprecated and will be removed in 7.0
2017-06-09 01:37:20.270 WARN  (coreLoadExecutor-6-thread-1) [   x:test] o.a.s.s.FieldTypePluginLoader TokenizerFactory is using deprecated 5.4.0 emulation. You should at some point declare and reindex to at least 6.0, because 5.x emulation is deprecated and will be removed in 7.0
2017-06-09 01:37:20.271 WARN  (coreLoadExecutor-6-thread-1) [   x:test] o.a.s.s.FieldTypePluginLoader TokenFilterFactory is using deprecated 5.4.0 emulation. You should at some point declare and reindex to at least 6.0, because 5.x emulation is deprecated and will be removed in 7.0
2017-06-09 01:37:20.274 WARN  (coreLoadExecutor-6-thread-1) [   x:test] o.a.s.c.SolrResourceLoader Solr loaded a deprecated plugin/analysis class [solr.SynonymFilterFactory]. Please consult documentation how to replace it accordingly.
2017-06-09 01:37:20.278 WARN  (coreLoadExecutor-6-thread-1) [   x:test] o.a.s.s.FieldTypePluginLoader TokenFilterFactory is using deprecated 5.4.0 emulation. You should at some point declare and reindex to at least 6.0, because 5.x emulation is deprecated and will be removed in 7.0
2017-06-09 01:37:20.279 WARN  (coreLoadExecutor-6-thread-1) [   x:test] o.a.s.s.FieldTypePluginLoader TokenFilterFactory is using deprecated 5.4.0 emulation. You should at some point declare and reindex to at least 6.0, because 5.x emulation is deprecated and will be removed in 7.0
2017-06-09 01:37:20.281 WARN  (coreLoadExecutor-6-thread-1) [   x:test] o.a.s.s.FieldTypePluginLoader TokenFilterFactory is using deprecated 5.4.0 emulation. You should at some point declare and reindex to at least 6.0, because 5.x emulation is deprecated and will be removed in 7.0
2017-06-09 01:37:20.285 WARN  (coreLoadExecutor-6-thread-1) [   x:test] o.a.s.s.FieldTypePluginLoader TokenFilterFactory is using deprecated 5.4.0 emulation. You should at some point declare and reindex to at least 6.0, because 5.x emulation is deprecated and will be removed in 7.0
2017-06-09 01:37:20.287 WARN  (coreLoadExecutor-6-thread-1) [   x:test] o.a.s.s.FieldTypePluginLoader TokenFilterFactory is using deprecated 5.4.0 emulation. You should at some point declare and reindex to at least 6.0, because 5.x emulation is deprecated and will be removed in 7.0
2017-06-09 01:37:20.296 WARN  (coreLoadExecutor-6-thread-1) [   x:test] o.a.s.s.FieldTypePluginLoader TokenizerFactory is using deprecated 5.4.0 emulation. You should at some point declare and reindex to at least 6.0, because 5.x emulation is deprecated and will be removed in 7.0
2017-06-09 01:37:20.297 WARN  (coreLoadExecutor-6-thread-1) [   x:test] o.a.s.s.FieldTypePluginLoader TokenFilterFactory is using deprecated 5.4.0 emulation. You should at some point declare and reindex to at least 6.0, because 5.x emulation is deprecated and will be removed in 7.0
2017-06-09 01:37:20.297 WARN  (coreLoadExecutor-6-thread-1) [   x:test] o.a.s.s.FieldTypePluginLoader TokenFilterFactory is using deprecated 5.4.0 emulation. You should at some point declare and reindex to at least 6.0, because 5.x emulation is deprecated and will be removed in 7.0
2017-06-09 01:37:20.297 WARN  (coreLoadExecutor-6-thread-1) [   x:test] o.a.s.s.FieldTypePluginLoader TokenFilterFactory is using deprecated 5.4.0 emulation. You should at some point declare and reindex to at least 6.0, because 5.x emulation is deprecated and will be removed in 7.0
2017-06-09 01:37:20.298 WARN  (coreLoadExecutor-6-thread-1) [   x:test] o.a.s.s.FieldTypePluginLoader TokenFilterFactory is using deprecated 5.4.0 emulation. You should at some point declare and reindex to at least 6.0, because 5.x emulation is deprecated and will be removed in 7.0
2017-06-09 01:37:20.298 WARN  (coreLoadExecutor-6-thread-1) [   x:test] o.a.s.s.FieldTypePluginLoader TokenFilterFactory is using deprecated 5.4.0 emulation. You should at some point declare and reindex to at least 6.0, because 5.x emulation is deprecated and will be removed in 7.0
2017-06-09 01:37:20.301 WARN  (coreLoadExecutor-6-thread-1) [   x:test] o.a.s.s.FieldTypePluginLoader TokenizerFactory is using deprecated 5.4.0 emulation. You should at some point declare and reindex to at least 6.0, because 5.x emulation is deprecated and will be removed in 7.0
2017-06-09 01:37:20.304 WARN  (coreLoadExecutor-6-thread-1) [   x:test] o.a.s.s.FieldTypePluginLoader TokenFilterFactory is using deprecated 5.4.0 emulation. You should at some point declare and reindex to at least 6.0, because 5.x emulation is deprecated and will be removed in 7.0
2017-06-09 01:37:20.304 WARN  (coreLoadExecutor-6-thread-1) [   x:test] o.a.s.s.FieldTypePluginLoader TokenFilterFactory is using deprecated 5.4.0 emulation. You should at some point declare and reindex to at least 6.0, because 5.x emulation is deprecated and will be removed in 7.0
2017-06-09 01:37:20.305 WARN  (coreLoadExecutor-6-thread-1) [   x:test] o.a.s.s.FieldTypePluginLoader TokenFilterFactory is using deprecated 5.4.0 emulation. You should at some point declare and reindex to at least 6.0, because 5.x emulation is deprecated and will be removed in 7.0
2017-06-09 01:37:20.307 WARN  (coreLoadExecutor-6-thread-1) [   x:test] o.a.s.c.SolrResourceLoader Solr loaded a deprecated plugin/analysis class [solr.WordDelimiterFilterFactory]. Please consult documentation how to replace it accordingly.
2017-06-09 01:37:20.309 WARN  (coreLoadExecutor-6-thread-1) [   x:test] o.a.s.s.FieldTypePluginLoader TokenFilterFactory is using deprecated 5.4.0 emulation. You should at some point declare and reindex to at least 6.0, because 5.x emulation is deprecated and will be removed in 7.0
2017-06-09 01:37:20.310 WARN  (coreLoadExecutor-6-thread-1) [   x:test] o.a.s.s.FieldTypePluginLoader TokenFilterFactory is using deprecated 5.4.0 emulation. You should at some point declare and reindex to at least 6.0, because 5.x emulation is deprecated and will be removed in 7.0
2017-06-09 01:37:20.310 WARN  (coreLoadExecutor-6-thread-1) [   x:test] o.a.s.s.FieldTypePluginLoader TokenFilterFactory is using deprecated 5.4.0 emulation. You should at some point declare and reindex to at least 6.0, because 5.x emulation is deprecated and will be removed in 7.0
2017-06-09 01:37:20.331 WARN  (coreLoadExecutor-6-thread-1) [   x:test] o.a.s.s.FieldTypePluginLoader TokenizerFactory is using deprecated 5.4.0 emulation. You should at some point declare and reindex to at least 6.0, because 5.x emulation is deprecated and will be removed in 7.0
2017-06-09 01:37:20.332 WARN  (coreLoadExecutor-6-thread-1) [   x:test] o.a.s.s.FieldTypePluginLoader TokenFilterFactory is using deprecated 5.4.0 emulation. You should at some point declare and reindex to at least 6.0, because 5.x emulation is deprecated and will be removed in 7.0
2017-06-09 01:37:20.332 WARN  (coreLoadExecutor-6-thread-1) [   x:test] o.a.s.s.FieldTypePluginLoader TokenFilterFactory is using deprecated 5.4.0 emulation. You should at some point declare and reindex to at least 6.0, because 5.x emulation is deprecated and will be removed in 7.0
2017-06-09 01:37:20.332 WARN  (coreLoadExecutor-6-thread-1) [   x:test] o.a.s.s.FieldTypePluginLoader TokenFilterFactory is using deprecated 5.4.0 emulation. You should at some point declare and reindex to at least 6.0, because 5.x emulation is deprecated and will be removed in 7.0
2017-06-09 01:37:20.333 WARN  (coreLoadExecutor-6-thread-1) [   x:test] o.a.s.s.FieldTypePluginLoader TokenFilterFactory is using deprecated 5.4.0 emulation. You should at some point declare and reindex to at least 6.0, because 5.x emulation is deprecated and will be removed in 7.0
2017-06-09 01:37:20.333 WARN  (coreLoadExecutor-6-thread-1) [   x:test] o.a.s.s.FieldTypePluginLoader TokenFilterFactory is using deprecated 5.4.0 emulation. You should at some point declare and reindex to at least 6.0, because 5.x emulation is deprecated and will be removed in 7.0
2017-06-09 01:37:20.338 WARN  (coreLoadExecutor-6-thread-1) [   x:test] o.a.s.s.FieldTypePluginLoader TokenizerFactory is using deprecated 5.4.0 emulation. You should at some point declare and reindex to at least 6.0, because 5.x emulation is deprecated and will be removed in 7.0
2017-06-09 01:37:20.343 WARN  (coreLoadExecutor-6-thread-1) [   x:test] o.a.s.s.FieldTypePluginLoader TokenFilterFactory is using deprecated 5.4.0 emulation. You should at some point declare and reindex to at least 6.0, because 5.x emulation is deprecated and will be removed in 7.0
2017-06-09 01:37:20.344 WARN  (coreLoadExecutor-6-thread-1) [   x:test] o.a.s.s.FieldTypePluginLoader TokenFilterFactory is using deprecated 5.4.0 emulation. You should at some point declare and reindex to at least 6.0, because 5.x emulation is deprecated and will be removed in 7.0
2017-06-09 01:37:20.346 WARN  (coreLoadExecutor-6-thread-1) [   x:test] o.a.s.s.FieldTypePluginLoader TokenFilterFactory is using deprecated 5.4.0 emulation. You should at some point declare and reindex to at least 6.0, because 5.x emulation is deprecated and will be removed in 7.0
2017-06-09 01:37:20.346 WARN  (coreLoadExecutor-6-thread-1) [   x:test] o.a.s.s.FieldTypePluginLoader TokenFilterFactory is using deprecated 5.4.0 emulation. You should at some point declare and reindex to at least 6.0, because 5.x emulation is deprecated and will be removed in 7.0
2017-06-09 01:37:20.350 WARN  (coreLoadExecutor-6-thread-1) [   x:test] o.a.s.s.FieldTypePluginLoader TokenFilterFactory is using deprecated 5.4.0 emulation. You should at some point declare and reindex to at least 6.0, because 5.x emulation is deprecated and will be removed in 7.0
2017-06-09 01:37:20.351 WARN  (coreLoadExecutor-6-thread-1) [   x:test] o.a.s.s.FieldTypePluginLoader TokenFilterFactory is using deprecated 5.4.0 emulation. You should at some point declare and reindex to at least 6.0, because 5.x emulation is deprecated and will be removed in 7.0
2017-06-09 01:37:20.351 WARN  (coreLoadExecutor-6-thread-1) [   x:test] o.a.s.s.FieldTypePluginLoader TokenFilterFactory is using deprecated 5.4.0 emulation. You should at some point declare and reindex to at least 6.0, because 5.x emulation is deprecated and will be removed in 7.0
2017-06-09 01:37:20.356 WARN  (coreLoadExecutor-6-thread-1) [   x:test] o.a.s.s.FieldTypePluginLoader TokenizerFactory is using deprecated 5.4.0 emulation. You should at some point declare and reindex to at least 6.0, because 5.x emulation is deprecated and will be removed in 7.0
2017-06-09 01:37:20.356 WARN  (coreLoadExecutor-6-thread-1) [   x:test] o.a.s.s.FieldTypePluginLoader TokenFilterFactory is using deprecated 5.4.0 emulation. You should at some point declare and reindex to at least 6.0, because 5.x emulation is deprecated and will be removed in 7.0
2017-06-09 01:37:20.356 WARN  (coreLoadExecutor-6-thread-1) [   x:test] o.a.s.s.FieldTypePluginLoader TokenFilterFactory is using deprecated 5.4.0 emulation. You should at some point declare and reindex to at least 6.0, because 5.x emulation is deprecated and will be removed in 7.0
2017-06-09 01:37:20.357 WARN  (coreLoadExecutor-6-thread-1) [   x:test] o.a.s.s.FieldTypePluginLoader TokenFilterFactory is using deprecated 5.4.0 emulation. You should at some point declare and reindex to at least 6.0, because 5.x emulation is deprecated and will be removed in 7.0
2017-06-09 01:37:20.370 WARN  (coreLoadExecutor-6-thread-1) [   x:test] o.a.s.s.FieldTypePluginLoader TokenizerFactory is using deprecated 5.4.0 emulation. You should at some point declare and reindex to at least 6.0, because 5.x emulation is deprecated and will be removed in 7.0
2017-06-09 01:37:20.372 WARN  (coreLoadExecutor-6-thread-1) [   x:test] o.a.s.s.FieldTypePluginLoader TokenFilterFactory is using deprecated 5.4.0 emulation. You should at some point declare and reindex to at least 6.0, because 5.x emulation is deprecated and will be removed in 7.0
2017-06-09 01:37:20.373 WARN  (coreLoadExecutor-6-thread-1) [   x:test] o.a.s.s.FieldTypePluginLoader TokenFilterFactory is using deprecated 5.4.0 emulation. You should at some point declare and reindex to at least 6.0, because 5.x emulation is deprecated and will be removed in 7.0
2017-06-09 01:37:20.374 WARN  (coreLoadExecutor-6-thread-1) [   x:test] o.a.s.s.FieldTypePluginLoader TokenFilterFactory is using deprecated 5.4.0 emulation. You should at some point declare and reindex to at least 6.0, because 5.x emulation is deprecated and will be removed in 7.0
2017-06-09 01:37:20.393 WARN  (coreLoadExecutor-6-thread-1) [   x:test] o.a.s.s.FieldTypePluginLoader CharFilterFactory is using deprecated 5.4.0 emulation. You should at some point declare and reindex to at least 6.0, because 5.x emulation is deprecated and will be removed in 7.0
2017-06-09 01:37:20.393 WARN  (coreLoadExecutor-6-thread-1) [   x:test] o.a.s.s.FieldTypePluginLoader TokenizerFactory is using deprecated 5.4.0 emulation. You should at some point declare and reindex to at least 6.0, because 5.x emulation is deprecated and will be removed in 7.0
2017-06-09 01:37:20.396 WARN  (coreLoadExecutor-6-thread-1) [   x:test] o.a.s.s.FieldTypePluginLoader TokenFilterFactory is using deprecated 5.4.0 emulation. You should at some point declare and reindex to at least 6.0, because 5.x emulation is deprecated and will be removed in 7.0
2017-06-09 01:37:20.401 WARN  (coreLoadExecutor-6-thread-1) [   x:test] o.a.s.s.FieldTypePluginLoader TokenFilterFactory is using deprecated 5.4.0 emulation. You should at some point declare and reindex to at least 6.0, because 5.x emulation is deprecated and will be removed in 7.0
2017-06-09 01:37:20.401 WARN  (coreLoadExecutor-6-thread-1) [   x:test] o.a.s.s.FieldTypePluginLoader TokenFilterFactory is using deprecated 5.4.0 emulation. You should at some point declare and reindex to at least 6.0, because 5.x emulation is deprecated and will be removed in 7.0
2017-06-09 01:37:20.401 WARN  (coreLoadExecutor-6-thread-1) [   x:test] o.a.s.s.FieldTypePluginLoader TokenFilterFactory is using deprecated 5.4.0 emulation. You should at some point declare and reindex to at least 6.0, because 5.x emulation is deprecated and will be removed in 7.0
2017-06-09 01:37:20.407 WARN  (coreLoadExecutor-6-thread-1) [   x:test] o.a.s.s.FieldTypePluginLoader TokenizerFactory is using deprecated 5.4.0 emulation. You should at some point declare and reindex to at least 6.0, because 5.x emulation is deprecated and will be removed in 7.0
2017-06-09 01:37:20.415 WARN  (coreLoadExecutor-6-thread-1) [   x:test] o.a.s.s.FieldTypePluginLoader TokenFilterFactory is using deprecated 5.4.0 emulation. You should at some point declare and reindex to at least 6.0, because 5.x emulation is deprecated and will be removed in 7.0
2017-06-09 01:37:20.416 WARN  (coreLoadExecutor-6-thread-1) [   x:test] o.a.s.s.FieldTypePluginLoader TokenFilterFactory is using deprecated 5.4.0 emulation. You should at some point declare and reindex to at least 6.0, because 5.x emulation is deprecated and will be removed in 7.0
2017-06-09 01:37:20.416 WARN  (coreLoadExecutor-6-thread-1) [   x:test] o.a.s.s.FieldTypePluginLoader TokenFilterFactory is using deprecated 5.4.0 emulation. You should at some point declare and reindex to at least 6.0, because 5.x emulation is deprecated and will be removed in 7.0
2017-06-09 01:37:20.424 WARN  (coreLoadExecutor-6-thread-1) [   x:test] o.a.s.s.FieldTypePluginLoader TokenizerFactory is using deprecated 5.4.0 emulation. You should at some point declare and reindex to at least 6.0, because 5.x emulation is deprecated and will be removed in 7.0
2017-06-09 01:37:20.424 WARN  (coreLoadExecutor-6-thread-1) [   x:test] o.a.s.s.FieldTypePluginLoader TokenFilterFactory is using deprecated 5.4.0 emulation. You should at some point declare and reindex to at least 6.0, because 5.x emulation is deprecated and will be removed in 7.0
2017-06-09 01:37:20.424 WARN  (coreLoadExecutor-6-thread-1) [   x:test] o.a.s.s.FieldTypePluginLoader TokenFilterFactory is using deprecated 5.4.0 emulation. You should at some point declare and reindex to at least 6.0, because 5.x emulation is deprecated and will be removed in 7.0
2017-06-09 01:37:20.424 WARN  (coreLoadExecutor-6-thread-1) [   x:test] o.a.s.s.FieldTypePluginLoader TokenFilterFactory is using deprecated 5.4.0 emulation. You should at some point declare and reindex to at least 6.0, because 5.x emulation is deprecated and will be removed in 7.0
2017-06-09 01:37:20.425 WARN  (coreLoadExecutor-6-thread-1) [   x:test] o.a.s.s.FieldTypePluginLoader TokenFilterFactory is using deprecated 5.4.0 emulation. You should at some point declare and reindex to at least 6.0, because 5.x emulation is deprecated and will be removed in 7.0
2017-06-09 01:37:20.432 WARN  (coreLoadExecutor-6-thread-1) [   x:test] o.a.s.s.FieldTypePluginLoader TokenizerFactory is using deprecated 5.4.0 emulation. You should at some point declare and reindex to at least 6.0, because 5.x emulation is deprecated and will be removed in 7.0
2017-06-09 01:37:20.434 WARN  (coreLoadExecutor-6-thread-1) [   x:test] o.a.s.s.FieldTypePluginLoader TokenFilterFactory is using deprecated 5.4.0 emulation. You should at some point declare and reindex to at least 6.0, because 5.x emulation is deprecated and will be removed in 7.0
2017-06-09 01:37:20.435 WARN  (coreLoadExecutor-6-thread-1) [   x:test] o.a.s.s.FieldTypePluginLoader TokenFilterFactory is using deprecated 5.4.0 emulation. You should at some point declare and reindex to at least 6.0, because 5.x emulation is deprecated and will be removed in 7.0
2017-06-09 01:37:20.435 WARN  (coreLoadExecutor-6-thread-1) [   x:test] o.a.s.s.FieldTypePluginLoader TokenFilterFactory is using deprecated 5.4.0 emulation. You should at some point declare and reindex to at least 6.0, because 5.x emulation is deprecated and will be removed in 7.0
2017-06-09 01:37:20.436 WARN  (coreLoadExecutor-6-thread-1) [   x:test] o.a.s.s.FieldTypePluginLoader TokenFilterFactory is using deprecated 5.4.0 emulation. You should at some point declare and reindex to at least 6.0, because 5.x emulation is deprecated and will be removed in 7.0
2017-06-09 01:37:20.436 WARN  (coreLoadExecutor-6-thread-1) [   x:test] o.a.s.s.FieldTypePluginLoader TokenFilterFactory is using deprecated 5.4.0 emulation. You should at some point declare and reindex to at least 6.0, because 5.x emulation is deprecated and will be removed in 7.0
2017-06-09 01:37:20.442 WARN  (coreLoadExecutor-6-thread-1) [   x:test] o.a.s.s.FieldTypePluginLoader TokenizerFactory is using deprecated 5.4.0 emulation. You should at some point declare and reindex to at least 6.0, because 5.x emulation is deprecated and will be removed in 7.0
2017-06-09 01:37:20.442 WARN  (coreLoadExecutor-6-thread-1) [   x:test] o.a.s.s.FieldTypePluginLoader TokenFilterFactory is using deprecated 5.4.0 emulation. You should at some point declare and reindex to at least 6.0, because 5.x emulation is deprecated and will be removed in 7.0
2017-06-09 01:37:20.442 WARN  (coreLoadExecutor-6-thread-1) [   x:test] o.a.s.s.FieldTypePluginLoader TokenFilterFactory is using deprecated 5.4.0 emulation. You should at some point declare and reindex to at least 6.0, because 5.x emulation is deprecated and will be removed in 7.0
2017-06-09 01:37:20.442 WARN  (coreLoadExecutor-6-thread-1) [   x:test] o.a.s.s.FieldTypePluginLoader TokenFilterFactory is using deprecated 5.4.0 emulation. You should at some point declare and reindex to at least 6.0, because 5.x emulation is deprecated and will be removed in 7.0
2017-06-09 01:37:20.446 WARN  (coreLoadExecutor-6-thread-1) [   x:test] o.a.s.s.FieldTypePluginLoader TokenizerFactory is using deprecated 5.4.0 emulation. You should at some point declare and reindex to at least 6.0, because 5.x emulation is deprecated and will be removed in 7.0
2017-06-09 01:37:20.447 WARN  (coreLoadExecutor-6-thread-1) [   x:test] o.a.s.s.FieldTypePluginLoader TokenFilterFactory is using deprecated 5.4.0 emulation. You should at some point declare and reindex to at least 6.0, because 5.x emulation is deprecated and will be removed in 7.0
2017-06-09 01:37:20.447 WARN  (coreLoadExecutor-6-thread-1) [   x:test] o.a.s.s.FieldTypePluginLoader TokenFilterFactory is using deprecated 5.4.0 emulation. You should at some point declare and reindex to at least 6.0, because 5.x emulation is deprecated and will be removed in 7.0
2017-06-09 01:37:20.457 WARN  (coreLoadExecutor-6-thread-1) [   x:test] o.a.s.s.FieldTypePluginLoader TokenizerFactory is using deprecated 5.4.0 emulation. You should at some point declare and reindex to at least 6.0, because 5.x emulation is deprecated and will be removed in 7.0
2017-06-09 01:37:20.457 WARN  (coreLoadExecutor-6-thread-1) [   x:test] o.a.s.s.FieldTypePluginLoader TokenFilterFactory is using deprecated 5.4.0 emulation. You should at some point declare and reindex to at least 6.0, because 5.x emulation is deprecated and will be removed in 7.0
2017-06-09 01:37:20.458 WARN  (coreLoadExecutor-6-thread-1) [   x:test] o.a.s.s.FieldTypePluginLoader TokenFilterFactory is using deprecated 5.4.0 emulation. You should at some point declare and reindex to at least 6.0, because 5.x emulation is deprecated and will be removed in 7.0
2017-06-09 01:37:20.458 WARN  (coreLoadExecutor-6-thread-1) [   x:test] o.a.s.s.FieldTypePluginLoader TokenFilterFactory is using deprecated 5.4.0 emulation. You should at some point declare and reindex to at least 6.0, because 5.x emulation is deprecated and will be removed in 7.0
2017-06-09 01:37:20.485 WARN  (coreLoadExecutor-6-thread-1) [   x:test] o.a.s.s.FieldTypePluginLoader TokenizerFactory is using deprecated 5.4.0 emulation. You should at some point declare and reindex to at least 6.0, because 5.x emulation is deprecated and will be removed in 7.0
2017-06-09 01:37:20.485 WARN  (coreLoadExecutor-6-thread-1) [   x:test] o.a.s.s.FieldTypePluginLoader TokenFilterFactory is using deprecated 5.4.0 emulation. You should at some point declare and reindex to at least 6.0, because 5.x emulation is deprecated and will be removed in 7.0
2017-06-09 01:37:20.486 WARN  (coreLoadExecutor-6-thread-1) [   x:test] o.a.s.s.FieldTypePluginLoader TokenFilterFactory is using deprecated 5.4.0 emulation. You should at some point declare and reindex to at least 6.0, because 5.x emulation is deprecated and will be removed in 7.0
2017-06-09 01:37:20.486 WARN  (coreLoadExecutor-6-thread-1) [   x:test] o.a.s.s.FieldTypePluginLoader TokenFilterFactory is using deprecated 5.4.0 emulation. You should at some point declare and reindex to at least 6.0, because 5.x emulation is deprecated and will be removed in 7.0
2017-06-09 01:37:20.491 WARN  (coreLoadExecutor-6-thread-1) [   x:test] o.a.s.s.FieldTypePluginLoader TokenizerFactory is using deprecated 5.4.0 emulation. You should at some point declare and reindex to at least 6.0, because 5.x emulation is deprecated and will be removed in 7.0
2017-06-09 01:37:20.491 WARN  (coreLoadExecutor-6-thread-1) [   x:test] o.a.s.s.FieldTypePluginLoader TokenFilterFactory is using deprecated 5.4.0 emulation. You should at some point declare and reindex to at least 6.0, because 5.x emulation is deprecated and will be removed in 7.0
2017-06-09 01:37:20.492 WARN  (coreLoadExecutor-6-thread-1) [   x:test] o.a.s.s.FieldTypePluginLoader TokenFilterFactory is using deprecated 5.4.0 emulation. You should at some point declare and reindex to at least 6.0, because 5.x emulation is deprecated and will be removed in 7.0
2017-06-09 01:37:20.492 WARN  (coreLoadExecutor-6-thread-1) [   x:test] o.a.s.s.FieldTypePluginLoader TokenFilterFactory is using deprecated 5.4.0 emulation. You should at some point declare and reindex to at least 6.0, because 5.x emulation is deprecated and will be removed in 7.0
2017-06-09 01:37:20.500 WARN  (coreLoadExecutor-6-thread-1) [   x:test] o.a.s.s.FieldTypePluginLoader TokenizerFactory is using deprecated 5.4.0 emulation. You should at some point declare and reindex to at least 6.0, because 5.x emulation is deprecated and will be removed in 7.0
2017-06-09 01:37:20.502 WARN  (coreLoadExecutor-6-thread-1) [   x:test] o.a.s.s.FieldTypePluginLoader TokenFilterFactory is using deprecated 5.4.0 emulation. You should at some point declare and reindex to at least 6.0, because 5.x emulation is deprecated and will be removed in 7.0
2017-06-09 01:37:20.502 WARN  (coreLoadExecutor-6-thread-1) [   x:test] o.a.s.s.FieldTypePluginLoader TokenFilterFactory is using deprecated 5.4.0 emulation. You should at some point declare and reindex to at least 6.0, because 5.x emulation is deprecated and will be removed in 7.0
2017-06-09 01:37:20.503 WARN  (coreLoadExecutor-6-thread-1) [   x:test] o.a.s.s.FieldTypePluginLoader TokenFilterFactory is using deprecated 5.4.0 emulation. You should at some point declare and reindex to at least 6.0, because 5.x emulation is deprecated and will be removed in 7.0
2017-06-09 01:37:20.504 WARN  (coreLoadExecutor-6-thread-1) [   x:test] o.a.s.s.FieldTypePluginLoader TokenFilterFactory is using deprecated 5.4.0 emulation. You should at some point declare and reindex to at least 6.0, because 5.x emulation is deprecated and will be removed in 7.0
2017-06-09 01:37:20.504 WARN  (coreLoadExecutor-6-thread-1) [   x:test] o.a.s.s.FieldTypePluginLoader TokenFilterFactory is using deprecated 5.4.0 emulation. You should at some point declare and reindex to at least 6.0, because 5.x emulation is deprecated and will be removed in 7.0
2017-06-09 01:37:20.511 WARN  (coreLoadExecutor-6-thread-1) [   x:test] o.a.s.s.FieldTypePluginLoader TokenizerFactory is using deprecated 5.4.0 emulation. You should at some point declare and reindex to at least 6.0, because 5.x emulation is deprecated and will be removed in 7.0
2017-06-09 01:37:20.512 WARN  (coreLoadExecutor-6-thread-1) [   x:test] o.a.s.s.FieldTypePluginLoader TokenFilterFactory is using deprecated 5.4.0 emulation. You should at some point declare and reindex to at least 6.0, because 5.x emulation is deprecated and will be removed in 7.0
2017-06-09 01:37:20.513 WARN  (coreLoadExecutor-6-thread-1) [   x:test] o.a.s.s.FieldTypePluginLoader TokenFilterFactory is using deprecated 5.4.0 emulation. You should at some point declare and reindex to at least 6.0, because 5.x emulation is deprecated and will be removed in 7.0
2017-06-09 01:37:20.513 WARN  (coreLoadExecutor-6-thread-1) [   x:test] o.a.s.s.FieldTypePluginLoader TokenFilterFactory is using deprecated 5.4.0 emulation. You should at some point declare and reindex to at least 6.0, because 5.x emulation is deprecated and will be removed in 7.0
2017-06-09 01:37:20.564 WARN  (coreLoadExecutor-6-thread-1) [   x:test] o.a.s.s.FieldTypePluginLoader TokenizerFactory is using deprecated 5.4.0 emulation. You should at some point declare and reindex to at least 6.0, because 5.x emulation is deprecated and will be removed in 7.0
2017-06-09 01:37:20.564 WARN  (coreLoadExecutor-6-thread-1) [   x:test] o.a.s.s.FieldTypePluginLoader TokenFilterFactory is using deprecated 5.4.0 emulation. You should at some point declare and reindex to at least 6.0, because 5.x emulation is deprecated and will be removed in 7.0
2017-06-09 01:37:20.564 WARN  (coreLoadExecutor-6-thread-1) [   x:test] o.a.s.s.FieldTypePluginLoader TokenFilterFactory is using deprecated 5.4.0 emulation. You should at some point declare and reindex to at least 6.0, because 5.x emulation is deprecated and will be removed in 7.0
2017-06-09 01:37:20.564 WARN  (coreLoadExecutor-6-thread-1) [   x:test] o.a.s.s.FieldTypePluginLoader TokenFilterFactory is using deprecated 5.4.0 emulation. You should at some point declare and reindex to at least 6.0, because 5.x emulation is deprecated and will be removed in 7.0
2017-06-09 01:37:20.599 WARN  (coreLoadExecutor-6-thread-1) [   x:test] o.a.s.s.FieldTypePluginLoader TokenizerFactory is using deprecated 5.4.0 emulation. You should at some point declare and reindex to at least 6.0, because 5.x emulation is deprecated and will be removed in 7.0
2017-06-09 01:37:20.599 WARN  (coreLoadExecutor-6-thread-1) [   x:test] o.a.s.s.FieldTypePluginLoader TokenFilterFactory is using deprecated 5.4.0 emulation. You should at some point declare and reindex to at least 6.0, because 5.x emulation is deprecated and will be removed in 7.0
2017-06-09 01:37:20.599 WARN  (coreLoadExecutor-6-thread-1) [   x:test] o.a.s.s.FieldTypePluginLoader TokenFilterFactory is using deprecated 5.4.0 emulation. You should at some point declare and reindex to at least 6.0, because 5.x emulation is deprecated and will be removed in 7.0
2017-06-09 01:37:20.600 WARN  (coreLoadExecutor-6-thread-1) [   x:test] o.a.s.s.FieldTypePluginLoader TokenFilterFactory is using deprecated 5.4.0 emulation. You should at some point declare and reindex to at least 6.0, because 5.x emulation is deprecated and will be removed in 7.0
2017-06-09 01:37:20.605 WARN  (coreLoadExecutor-6-thread-1) [   x:test] o.a.s.s.FieldTypePluginLoader TokenizerFactory is using deprecated 5.4.0 emulation. You should at some point declare and reindex to at least 6.0, because 5.x emulation is deprecated and will be removed in 7.0
2017-06-09 01:37:20.605 WARN  (coreLoadExecutor-6-thread-1) [   x:test] o.a.s.s.FieldTypePluginLoader TokenFilterFactory is using deprecated 5.4.0 emulation. You should at some point declare and reindex to at least 6.0, because 5.x emulation is deprecated and will be removed in 7.0
2017-06-09 01:37:20.605 WARN  (coreLoadExecutor-6-thread-1) [   x:test] o.a.s.s.FieldTypePluginLoader TokenFilterFactory is using deprecated 5.4.0 emulation. You should at some point declare and reindex to at least 6.0, because 5.x emulation is deprecated and will be removed in 7.0
2017-06-09 01:37:20.605 WARN  (coreLoadExecutor-6-thread-1) [   x:test] o.a.s.s.FieldTypePluginLoader TokenFilterFactory is using deprecated 5.4.0 emulation. You should at some point declare and reindex to at least 6.0, because 5.x emulation is deprecated and will be removed in 7.0
2017-06-09 01:37:20.606 WARN  (coreLoadExecutor-6-thread-1) [   x:test] o.a.s.s.FieldTypePluginLoader TokenFilterFactory is using deprecated 5.4.0 emulation. You should at some point declare and reindex to at least 6.0, because 5.x emulation is deprecated and will be removed in 7.0
2017-06-09 01:37:20.615 WARN  (coreLoadExecutor-6-thread-1) [   x:test] o.a.s.s.FieldTypePluginLoader TokenizerFactory is using deprecated 5.4.0 emulation. You should at some point declare and reindex to at least 6.0, because 5.x emulation is deprecated and will be removed in 7.0
2017-06-09 01:37:20.676 WARN  (coreLoadExecutor-6-thread-1) [   x:test] o.a.s.s.FieldTypePluginLoader TokenFilterFactory is using deprecated 5.4.0 emulation. You should at some point declare and reindex to at least 6.0, because 5.x emulation is deprecated and will be removed in 7.0
2017-06-09 01:37:20.677 WARN  (coreLoadExecutor-6-thread-1) [   x:test] o.a.s.s.FieldTypePluginLoader TokenFilterFactory is using deprecated 5.4.0 emulation. You should at some point declare and reindex to at least 6.0, because 5.x emulation is deprecated and will be removed in 7.0
2017-06-09 01:37:20.678 WARN  (coreLoadExecutor-6-thread-1) [   x:test] o.a.s.s.FieldTypePluginLoader TokenFilterFactory is using deprecated 5.4.0 emulation. You should at some point declare and reindex to at least 6.0, because 5.x emulation is deprecated and will be removed in 7.0
2017-06-09 01:37:20.678 WARN  (coreLoadExecutor-6-thread-1) [   x:test] o.a.s.s.FieldTypePluginLoader TokenFilterFactory is using deprecated 5.4.0 emulation. You should at some point declare and reindex to at least 6.0, because 5.x emulation is deprecated and will be removed in 7.0
2017-06-09 01:37:20.678 WARN  (coreLoadExecutor-6-thread-1) [   x:test] o.a.s.s.FieldTypePluginLoader TokenFilterFactory is using deprecated 5.4.0 emulation. You should at some point declare and reindex to at least 6.0, because 5.x emulation is deprecated and will be removed in 7.0
2017-06-09 01:37:20.679 WARN  (coreLoadExecutor-6-thread-1) [   x:test] o.a.s.s.FieldTypePluginLoader TokenFilterFactory is using deprecated 5.4.0 emulation. You should at some point declare and reindex to at least 6.0, because 5.x emulation is deprecated and will be removed in 7.0
2017-06-09 01:37:20.685 WARN  (coreLoadExecutor-6-thread-1) [   x:test] o.a.s.s.FieldTypePluginLoader TokenizerFactory is using deprecated 5.4.0 emulation. You should at some point declare and reindex to at least 6.0, because 5.x emulation is deprecated and will be removed in 7.0
2017-06-09 01:37:20.686 WARN  (coreLoadExecutor-6-thread-1) [   x:test] o.a.s.s.FieldTypePluginLoader TokenFilterFactory is using deprecated 5.4.0 emulation. You should at some point declare and reindex to at least 6.0, because 5.x emulation is deprecated and will be removed in 7.0
2017-06-09 01:37:20.686 WARN  (coreLoadExecutor-6-thread-1) [   x:test] o.a.s.s.FieldTypePluginLoader TokenFilterFactory is using deprecated 5.4.0 emulation. You should at some point declare and reindex to at least 6.0, because 5.x emulation is deprecated and will be removed in 7.0
2017-06-09 01:37:20.686 WARN  (coreLoadExecutor-6-thread-1) [   x:test] o.a.s.s.FieldTypePluginLoader TokenFilterFactory is using deprecated 5.4.0 emulation. You should at some point declare and reindex to at least 6.0, because 5.x emulation is deprecated and will be removed in 7.0
2017-06-09 01:37:20.694 WARN  (coreLoadExecutor-6-thread-1) [   x:test] o.a.s.s.FieldTypePluginLoader TokenizerFactory is using deprecated 5.4.0 emulation. You should at some point declare and reindex to at least 6.0, because 5.x emulation is deprecated and will be removed in 7.0
2017-06-09 01:37:20.694 WARN  (coreLoadExecutor-6-thread-1) [   x:test] o.a.s.s.FieldTypePluginLoader TokenFilterFactory is using deprecated 5.4.0 emulation. You should at some point declare and reindex to at least 6.0, because 5.x emulation is deprecated and will be removed in 7.0
2017-06-09 01:37:20.697 WARN  (coreLoadExecutor-6-thread-1) [   x:test] o.a.s.s.FieldTypePluginLoader TokenFilterFactory is using deprecated 5.4.0 emulation. You should at some point declare and reindex to at least 6.0, because 5.x emulation is deprecated and will be removed in 7.0
2017-06-09 01:37:20.697 WARN  (coreLoadExecutor-6-thread-1) [   x:test] o.a.s.s.FieldTypePluginLoader TokenFilterFactory is using deprecated 5.4.0 emulation. You should at some point declare and reindex to at least 6.0, because 5.x emulation is deprecated and will be removed in 7.0
2017-06-09 01:37:20.697 WARN  (coreLoadExecutor-6-thread-1) [   x:test] o.a.s.s.FieldTypePluginLoader TokenFilterFactory is using deprecated 5.4.0 emulation. You should at some point declare and reindex to at least 6.0, because 5.x emulation is deprecated and will be removed in 7.0
2017-06-09 01:37:20.713 WARN  (coreLoadExecutor-6-thread-1) [   x:test] o.a.s.s.FieldTypePluginLoader TokenizerFactory is using deprecated 5.4.0 emulation. You should at some point declare and reindex to at least 6.0, because 5.x emulation is deprecated and will be removed in 7.0
2017-06-09 01:37:20.714 WARN  (coreLoadExecutor-6-thread-1) [   x:test] o.a.s.s.FieldTypePluginLoader TokenFilterFactory is using deprecated 5.4.0 emulation. You should at some point declare and reindex to at least 6.0, because 5.x emulation is deprecated and will be removed in 7.0
2017-06-09 01:37:20.715 WARN  (coreLoadExecutor-6-thread-1) [   x:test] o.a.s.s.FieldTypePluginLoader TokenFilterFactory is using deprecated 5.4.0 emulation. You should at some point declare and reindex to at least 6.0, because 5.x emulation is deprecated and will be removed in 7.0
2017-06-09 01:37:20.716 WARN  (coreLoadExecutor-6-thread-1) [   x:test] o.a.s.s.FieldTypePluginLoader TokenFilterFactory is using deprecated 5.4.0 emulation. You should at some point declare and reindex to at least 6.0, because 5.x emulation is deprecated and will be removed in 7.0
2017-06-09 01:37:20.724 WARN  (coreLoadExecutor-6-thread-1) [   x:test] o.a.s.s.FieldTypePluginLoader TokenizerFactory is using deprecated 5.4.0 emulation. You should at some point declare and reindex to at least 6.0, because 5.x emulation is deprecated and will be removed in 7.0
2017-06-09 01:37:20.724 WARN  (coreLoadExecutor-6-thread-1) [   x:test] o.a.s.s.FieldTypePluginLoader TokenFilterFactory is using deprecated 5.4.0 emulation. You should at some point declare and reindex to at least 6.0, because 5.x emulation is deprecated and will be removed in 7.0
2017-06-09 01:37:20.724 WARN  (coreLoadExecutor-6-thread-1) [   x:test] o.a.s.s.FieldTypePluginLoader TokenFilterFactory is using deprecated 5.4.0 emulation. You should at some point declare and reindex to at least 6.0, because 5.x emulation is deprecated and will be removed in 7.0
2017-06-09 01:37:20.724 WARN  (coreLoadExecutor-6-thread-1) [   x:test] o.a.s.s.FieldTypePluginLoader TokenFilterFactory is using deprecated 5.4.0 emulation. You should at some point declare and reindex to at least 6.0, because 5.x emulation is deprecated and will be removed in 7.0
2017-06-09 01:37:20.730 WARN  (coreLoadExecutor-6-thread-1) [   x:test] o.a.s.s.FieldTypePluginLoader TokenizerFactory is using deprecated 5.4.0 emulation. You should at some point declare and reindex to at least 6.0, because 5.x emulation is deprecated and will be removed in 7.0
2017-06-09 01:37:20.731 WARN  (coreLoadExecutor-6-thread-1) [   x:test] o.a.s.s.FieldTypePluginLoader TokenFilterFactory is using deprecated 5.4.0 emulation. You should at some point declare and reindex to at least 6.0, because 5.x emulation is deprecated and will be removed in 7.0
2017-06-09 01:37:20.731 WARN  (coreLoadExecutor-6-thread-1) [   x:test] o.a.s.s.FieldTypePluginLoader TokenFilterFactory is using deprecated 5.4.0 emulation. You should at some point declare and reindex to at least 6.0, because 5.x emulation is deprecated and will be removed in 7.0
2017-06-09 01:37:20.731 WARN  (coreLoadExecutor-6-thread-1) [   x:test] o.a.s.s.FieldTypePluginLoader TokenFilterFactory is using deprecated 5.4.0 emulation. You should at some point declare and reindex to at least 6.0, because 5.x emulation is deprecated and will be removed in 7.0
2017-06-09 01:37:20.737 WARN  (coreLoadExecutor-6-thread-1) [   x:test] o.a.s.s.FieldTypePluginLoader TokenizerFactory is using deprecated 5.4.0 emulation. You should at some point declare and reindex to at least 6.0, because 5.x emulation is deprecated and will be removed in 7.0
2017-06-09 01:37:20.737 WARN  (coreLoadExecutor-6-thread-1) [   x:test] o.a.s.s.FieldTypePluginLoader TokenFilterFactory is using deprecated 5.4.0 emulation. You should at some point declare and reindex to at least 6.0, because 5.x emulation is deprecated and will be removed in 7.0
2017-06-09 01:37:20.737 WARN  (coreLoadExecutor-6-thread-1) [   x:test] o.a.s.s.FieldTypePluginLoader TokenFilterFactory is using deprecated 5.4.0 emulation. You should at some point declare and reindex to at least 6.0, because 5.x emulation is deprecated and will be removed in 7.0
2017-06-09 01:37:20.737 WARN  (coreLoadExecutor-6-thread-1) [   x:test] o.a.s.s.FieldTypePluginLoader TokenFilterFactory is using deprecated 5.4.0 emulation. You should at some point declare and reindex to at least 6.0, because 5.x emulation is deprecated and will be removed in 7.0
2017-06-09 01:37:20.744 WARN  (coreLoadExecutor-6-thread-1) [   x:test] o.a.s.s.FieldTypePluginLoader TokenizerFactory is using deprecated 5.4.0 emulation. You should at some point declare and reindex to at least 6.0, because 5.x emulation is deprecated and will be removed in 7.0
2017-06-09 01:37:20.744 WARN  (coreLoadExecutor-6-thread-1) [   x:test] o.a.s.s.FieldTypePluginLoader TokenFilterFactory is using deprecated 5.4.0 emulation. You should at some point declare and reindex to at least 6.0, because 5.x emulation is deprecated and will be removed in 7.0
2017-06-09 01:37:20.744 WARN  (coreLoadExecutor-6-thread-1) [   x:test] o.a.s.s.FieldTypePluginLoader TokenFilterFactory is using deprecated 5.4.0 emulation. You should at some point declare and reindex to at least 6.0, because 5.x emulation is deprecated and will be removed in 7.0
2017-06-09 01:37:20.744 WARN  (coreLoadExecutor-6-thread-1) [   x:test] o.a.s.s.FieldTypePluginLoader TokenFilterFactory is using deprecated 5.4.0 emulation. You should at some point declare and reindex to at least 6.0, because 5.x emulation is deprecated and will be removed in 7.0
2017-06-09 01:37:20.750 WARN  (coreLoadExecutor-6-thread-1) [   x:test] o.a.s.s.FieldTypePluginLoader TokenizerFactory is using deprecated 5.4.0 emulation. You should at some point declare and reindex to at least 6.0, because 5.x emulation is deprecated and will be removed in 7.0
2017-06-09 01:37:20.752 WARN  (coreLoadExecutor-6-thread-1) [   x:test] o.a.s.s.FieldTypePluginLoader TokenFilterFactory is using deprecated 5.4.0 emulation. You should at some point declare and reindex to at least 6.0, because 5.x emulation is deprecated and will be removed in 7.0
2017-06-09 01:37:20.753 WARN  (coreLoadExecutor-6-thread-1) [   x:test] o.a.s.s.FieldTypePluginLoader TokenFilterFactory is using deprecated 5.4.0 emulation. You should at some point declare and reindex to at least 6.0, because 5.x emulation is deprecated and will be removed in 7.0
2017-06-09 01:37:20.759 WARN  (coreLoadExecutor-6-thread-1) [   x:test] o.a.s.s.FieldTypePluginLoader TokenizerFactory is using deprecated 5.4.0 emulation. You should at some point declare and reindex to at least 6.0, because 5.x emulation is deprecated and will be removed in 7.0
2017-06-09 01:37:20.759 WARN  (coreLoadExecutor-6-thread-1) [   x:test] o.a.s.s.FieldTypePluginLoader TokenFilterFactory is using deprecated 5.4.0 emulation. You should at some point declare and reindex to at least 6.0, because 5.x emulation is deprecated and will be removed in 7.0
2017-06-09 01:37:20.761 WARN  (coreLoadExecutor-6-thread-1) [   x:test] o.a.s.s.FieldTypePluginLoader TokenFilterFactory is using deprecated 5.4.0 emulation. You should at some point declare and reindex to at least 6.0, because 5.x emulation is deprecated and will be removed in 7.0
2017-06-09 01:37:20.761 WARN  (coreLoadExecutor-6-thread-1) [   x:test] o.a.s.s.FieldTypePluginLoader TokenFilterFactory is using deprecated 5.4.0 emulation. You should at some point declare and reindex to at least 6.0, because 5.x emulation is deprecated and will be removed in 7.0
2017-06-09 01:37:20.771 WARN  (coreLoadExecutor-6-thread-1) [   x:test] o.a.s.s.FieldTypePluginLoader TokenizerFactory is using deprecated 5.4.0 emulation. You should at some point declare and reindex to at least 6.0, because 5.x emulation is deprecated and will be removed in 7.0
2017-06-09 01:37:20.820 WARN  (coreLoadExecutor-6-thread-1) [   x:test] o.a.s.s.FieldTypePluginLoader CharFilterFactory is using deprecated 5.4.0 emulation. You should at some point declare and reindex to at least 6.0, because 5.x emulation is deprecated and will be removed in 7.0
2017-06-09 01:37:20.823 WARN  (coreLoadExecutor-6-thread-1) [   x:test] o.a.s.s.FieldTypePluginLoader TokenizerFactory is using deprecated 5.4.0 emulation. You should at some point declare and reindex to at least 6.0, because 5.x emulation is deprecated and will be removed in 7.0
2017-06-09 01:37:20.824 WARN  (coreLoadExecutor-6-thread-1) [   x:test] o.a.s.s.FieldTypePluginLoader TokenFilterFactory is using deprecated 5.4.0 emulation. You should at some point declare and reindex to at least 6.0, because 5.x emulation is deprecated and will be removed in 7.0
2017-06-09 01:37:21.092 INFO  (coreLoadExecutor-6-thread-1) [   x:test] o.a.s.s.IndexSchema Loaded schema example-data-driven-schema/1.5 with uniqueid field id
2017-06-09 01:37:22.177 INFO  (coreLoadExecutor-6-thread-1) [   x:test] o.a.s.c.CoreContainer Creating SolrCore 'test' using configuration from instancedir D:\www\project_real\solr-6.5.1\server\solr\test
2017-06-09 01:37:22.201 INFO  (coreLoadExecutor-6-thread-2) [   x:Wakuwaku] o.a.s.s.IndexSchema Loaded schema example-data-driven-schema/1.6 with uniqueid field id
2017-06-09 01:37:22.358 INFO  (coreLoadExecutor-6-thread-2) [   x:Wakuwaku] o.a.s.c.CoreContainer Creating SolrCore 'Wakuwaku' using configuration from instancedir D:\www\project_real\solr-6.5.1\server\solr\Wakuwaku
2017-06-09 01:37:22.384 INFO  (coreLoadExecutor-6-thread-1) [   x:test] o.a.s.c.SolrCore solr.RecoveryStrategy.Builder
2017-06-09 01:37:22.398 INFO  (coreLoadExecutor-6-thread-1) [   x:test] o.a.s.c.SolrCore [[test] ] Opening new SolrCore at [D:\www\project_real\solr-6.5.1\server\solr\test], dataDir=[D:\www\project_real\solr-6.5.1\server\solr\test\data\]
2017-06-09 01:37:22.456 INFO  (coreLoadExecutor-6-thread-2) [   x:Wakuwaku] o.a.s.c.SolrCore solr.RecoveryStrategy.Builder
2017-06-09 01:37:22.458 INFO  (coreLoadExecutor-6-thread-2) [   x:Wakuwaku] o.a.s.c.SolrCore [[Wakuwaku] ] Opening new SolrCore at [D:\www\project_real\solr-6.5.1\server\solr\Wakuwaku], dataDir=[D:\www\project_real\solr-6.5.1\server\solr\Wakuwaku\data\]
2017-06-09 01:37:22.461 INFO  (coreLoadExecutor-6-thread-2) [   x:Wakuwaku] o.a.s.c.JmxMonitoredMap JMX monitoring is enabled. Adding Solr mbeans to JMX Server: com.sun.jmx.mbeanserver.JmxMBeanServer@55634720
2017-06-09 01:37:22.461 INFO  (coreLoadExecutor-6-thread-1) [   x:test] o.a.s.c.JmxMonitoredMap JMX monitoring is enabled. Adding Solr mbeans to JMX Server: com.sun.jmx.mbeanserver.JmxMBeanServer@55634720
2017-06-09 01:37:22.770 INFO  (coreLoadExecutor-6-thread-2) [   x:Wakuwaku] o.a.s.r.XSLTResponseWriter xsltCacheLifetimeSeconds=5
2017-06-09 01:37:22.774 INFO  (coreLoadExecutor-6-thread-1) [   x:test] o.a.s.r.XSLTResponseWriter xsltCacheLifetimeSeconds=5
2017-06-09 01:37:24.933 INFO  (coreLoadExecutor-6-thread-1) [   x:test] o.a.s.u.UpdateHandler Using UpdateLog implementation: org.apache.solr.update.UpdateLog
2017-06-09 01:37:24.941 INFO  (coreLoadExecutor-6-thread-1) [   x:test] o.a.s.u.UpdateLog Initializing UpdateLog: dataDir= defaultSyncLevel=FLUSH numRecordsToKeep=100 maxNumLogsToKeep=10 numVersionBuckets=65536
2017-06-09 01:37:24.933 INFO  (coreLoadExecutor-6-thread-2) [   x:Wakuwaku] o.a.s.u.UpdateHandler Using UpdateLog implementation: org.apache.solr.update.UpdateLog
2017-06-09 01:37:24.942 INFO  (coreLoadExecutor-6-thread-2) [   x:Wakuwaku] o.a.s.u.UpdateLog Initializing UpdateLog: dataDir= defaultSyncLevel=FLUSH numRecordsToKeep=100 maxNumLogsToKeep=10 numVersionBuckets=65536
2017-06-09 01:37:25.074 INFO  (coreLoadExecutor-6-thread-2) [   x:Wakuwaku] o.a.s.u.CommitTracker Hard AutoCommit: if uncommited for 15000ms; 
2017-06-09 01:37:25.075 INFO  (coreLoadExecutor-6-thread-2) [   x:Wakuwaku] o.a.s.u.CommitTracker Soft AutoCommit: disabled
2017-06-09 01:37:25.122 INFO  (coreLoadExecutor-6-thread-1) [   x:test] o.a.s.u.CommitTracker Hard AutoCommit: if uncommited for 15000ms; 
2017-06-09 01:37:25.123 INFO  (coreLoadExecutor-6-thread-1) [   x:test] o.a.s.u.CommitTracker Soft AutoCommit: disabled
2017-06-09 01:37:25.578 INFO  (coreLoadExecutor-6-thread-1) [   x:test] o.a.s.s.SolrIndexSearcher Opening [Searcher@7a6567b2[test] main]
2017-06-09 01:37:25.599 INFO  (coreLoadExecutor-6-thread-1) [   x:test] o.a.s.r.ManagedResourceStorage File-based storage initialized to use dir: D:\www\project_real\solr-6.5.1\server\solr\test\conf
2017-06-09 01:37:25.638 INFO  (coreLoadExecutor-6-thread-1) [   x:test] o.a.s.h.c.SpellCheckComponent Initializing spell checkers
2017-06-09 01:37:25.661 INFO  (coreLoadExecutor-6-thread-1) [   x:test] o.a.s.s.DirectSolrSpellChecker init: {name=default,field=text,classname=solr.DirectSolrSpellChecker,distanceMeasure=internal,accuracy=0.5,maxEdits=2,minPrefix=1,maxInspections=5,minQueryLength=4,maxQueryFrequency=0.01}
2017-06-09 01:37:25.695 INFO  (coreLoadExecutor-6-thread-1) [   x:test] o.a.s.h.c.SuggestComponent Initializing SuggestComponent
2017-06-09 01:37:25.700 INFO  (coreLoadExecutor-6-thread-1) [   x:test] o.a.s.s.s.SolrSuggester init: {name=mySuggester1,lookupImpl=FuzzyLookupFactory,storeDir=suggester_fuzzy_dir,dictionaryImpl=DocumentDictionaryFactory,field=title,suggestAnalyzerFieldType=suggestType,buildOnStartup=false,buildOnCommit=false}
2017-06-09 01:37:25.732 INFO  (coreLoadExecutor-6-thread-1) [   x:test] o.a.s.s.s.SolrSuggester Dictionary loaded with params: {name=mySuggester1,lookupImpl=FuzzyLookupFactory,storeDir=suggester_fuzzy_dir,dictionaryImpl=DocumentDictionaryFactory,field=title,suggestAnalyzerFieldType=suggestType,buildOnStartup=false,buildOnCommit=false}
2017-06-09 01:37:25.733 INFO  (coreLoadExecutor-6-thread-1) [   x:test] o.a.s.h.c.SuggestComponent Initializing SuggestComponent
2017-06-09 01:37:25.733 INFO  (coreLoadExecutor-6-thread-1) [   x:test] o.a.s.s.s.SolrSuggester init: {name=mySuggester2,lookupImpl=AnalyzingInfixLookupFactory,storeDir=suggester_infix_dir,dictionaryImpl=DocumentDictionaryFactory,field=ml_keyword,suggestAnalyzerFieldType=suggestType,buildOnStartup=false,buildOnCommit=false}
2017-06-09 01:37:25.793 INFO  (coreLoadExecutor-6-thread-2) [   x:Wakuwaku] o.a.s.s.SolrIndexSearcher Opening [Searcher@3a92fa05[Wakuwaku] main]
2017-06-09 01:37:25.796 INFO  (coreLoadExecutor-6-thread-2) [   x:Wakuwaku] o.a.s.r.ManagedResourceStorage File-based storage initialized to use dir: D:\www\project_real\solr-6.5.1\server\solr\Wakuwaku\conf
2017-06-09 01:37:25.797 INFO  (coreLoadExecutor-6-thread-2) [   x:Wakuwaku] o.a.s.h.c.SpellCheckComponent Initializing spell checkers
2017-06-09 01:37:25.798 INFO  (coreLoadExecutor-6-thread-2) [   x:Wakuwaku] o.a.s.s.DirectSolrSpellChecker init: {name=default,field=_text_,classname=solr.DirectSolrSpellChecker,distanceMeasure=internal,accuracy=0.5,maxEdits=2,minPrefix=1,maxInspections=5,minQueryLength=4,maxQueryFrequency=0.01}
2017-06-09 01:37:25.799 INFO  (coreLoadExecutor-6-thread-1) [   x:test] o.a.s.s.s.SolrSuggester Dictionary loaded with params: {name=mySuggester2,lookupImpl=AnalyzingInfixLookupFactory,storeDir=suggester_infix_dir,dictionaryImpl=DocumentDictionaryFactory,field=ml_keyword,suggestAnalyzerFieldType=suggestType,buildOnStartup=false,buildOnCommit=false}
2017-06-09 01:37:25.803 INFO  (coreLoadExecutor-6-thread-2) [   x:Wakuwaku] o.a.s.h.c.QueryElevationComponent Loading QueryElevation from: D:\www\project_real\solr-6.5.1\server\solr\Wakuwaku\conf\elevate.xml
2017-06-09 01:37:25.803 INFO  (coreLoadExecutor-6-thread-1) [   x:test] o.a.s.h.c.QueryElevationComponent Loading QueryElevation from: D:\www\project_real\solr-6.5.1\server\solr\test\conf\elevate.xml
2017-06-09 01:37:25.853 INFO  (coreLoadExecutor-6-thread-1) [   x:test] o.a.s.h.ReplicationHandler Commits will be reserved for  10000
2017-06-09 01:37:25.853 INFO  (coreLoadExecutor-6-thread-2) [   x:Wakuwaku] o.a.s.h.ReplicationHandler Commits will be reserved for  10000
2017-06-09 01:37:25.915 INFO  (searcherExecutor-7-thread-1-processing-x:test) [   x:test] o.a.s.c.QuerySenderListener QuerySenderListener sending requests to Searcher@7a6567b2[test] main{ExitableDirectoryReader(UninvertingDirectoryReader(Uninverting(_1(6.5.1):C11) Uninverting(_2(6.5.1):C3)))}
2017-06-09 01:37:25.915 INFO  (searcherExecutor-7-thread-1-processing-x:test) [   x:test] o.a.s.c.QuerySenderListener QuerySenderListener done.
2017-06-09 01:37:25.915 INFO  (searcherExecutor-7-thread-1-processing-x:test) [   x:test] o.a.s.h.c.SpellCheckComponent Loading spell index for spellchecker: default
2017-06-09 01:37:25.915 INFO  (searcherExecutor-7-thread-1-processing-x:test) [   x:test] o.a.s.h.c.SpellCheckComponent Loading spell index for spellchecker: wordbreak
2017-06-09 01:37:25.917 INFO  (searcherExecutor-8-thread-1-processing-x:Wakuwaku) [   x:Wakuwaku] o.a.s.c.QuerySenderListener QuerySenderListener sending requests to Searcher@3a92fa05[Wakuwaku] main{ExitableDirectoryReader(UninvertingDirectoryReader(Uninverting(_1(6.5.1):C52/32:delGen=1) Uninverting(_3(6.5.1):C32)))}
2017-06-09 01:37:25.917 INFO  (searcherExecutor-8-thread-1-processing-x:Wakuwaku) [   x:Wakuwaku] o.a.s.c.QuerySenderListener QuerySenderListener done.
2017-06-09 01:37:25.918 INFO  (searcherExecutor-8-thread-1-processing-x:Wakuwaku) [   x:Wakuwaku] o.a.s.h.c.SpellCheckComponent Loading spell index for spellchecker: default
2017-06-09 01:37:25.924 INFO  (searcherExecutor-8-thread-1-processing-x:Wakuwaku) [   x:Wakuwaku] o.a.s.c.SolrCore [Wakuwaku] Registered new searcher Searcher@3a92fa05[Wakuwaku] main{ExitableDirectoryReader(UninvertingDirectoryReader(Uninverting(_1(6.5.1):C52/32:delGen=1) Uninverting(_3(6.5.1):C32)))}
2017-06-09 01:37:25.927 INFO  (searcherExecutor-7-thread-1-processing-x:test) [   x:test] o.a.s.c.SolrCore [test] Registered new searcher Searcher@7a6567b2[test] main{ExitableDirectoryReader(UninvertingDirectoryReader(Uninverting(_1(6.5.1):C11) Uninverting(_2(6.5.1):C3)))}
